<?xml version="1.0" encoding="UTF-8"?>
<!-- Generated by org.testng.reporters.JUnitReportReporter -->
<testsuite hostname="DESKTOP-32NKH3D" failures="0" tests="1" name="com.cjc.MTlogin" time="4.273" errors="0" timestamp="2022-06-15T15:57:13 IST" skipped="0">
  <testcase classname="com.cjc.MTlogin" name="loginwithValidDetails" time="4.273"/>
  <system-out/>
</testsuite> <!-- com.cjc.MTlogin -->
